<?xml version="1.0" encoding="UTF-8"?>
<testsuite xmlns:xsi="http://www.w3.org/2001/XMLSchema-instance" xsi:noNamespaceSchemaLocation="https://maven.apache.org/surefire/maven-surefire-plugin/xsd/surefire-test-report-3.0.xsd" version="3.0" name="io.metadew.iesi.connection.http.HttpConnectionServiceTest" time="0.102" tests="5" errors="0" skipped="0" failures="0">
  <properties>
[...]
</properties>
  <testcase name="getTestNotFound" classname="io.metadew.iesi.connection.http.HttpConnectionServiceTest" time="0.094"/>
  <testcase name="getTest" classname="io.metadew.iesi.connection.http.HttpConnectionServiceTest" time="0.002"/>
  <testcase name="getBaseUrlTest" classname="io.metadew.iesi.connection.http.HttpConnectionServiceTest" time="0.001"/>
  <testcase name="getBaseUrlNoPortTest" classname="io.metadew.iesi.connection.http.HttpConnectionServiceTest" time="0"/>
  <testcase name="getBaseUrlNoBaseUrlTest" classname="io.metadew.iesi.connection.http.HttpConnectionServiceTest" time="0.001"/>
</testsuite>